<?xml version="1.0" encoding="UTF-8"?>
<testng-results ignored="0" total="1" passed="1" failed="0" skipped="0">
  <reporter-output>
  </reporter-output>
  <suite started-at="2019-03-09T09:45:34Z" name="Default suite" finished-at="2019-03-09T09:45:45Z" duration-ms="10234">
    <groups>
    </groups>
    <test started-at="2019-03-09T09:45:34Z" name="Default test" finished-at="2019-03-09T09:45:45Z" duration-ms="10234">
      <class name="com.qa.barCode.BarCodeTest">
        <test-method signature="barCode()[pri:0, instance:com.qa.barCode.BarCodeTest@45b4c3a9]" started-at="2019-03-09T09:45:34Z" name="barCode" finished-at="2019-03-09T09:45:45Z" duration-ms="10189" status="PASS">
          <reporter-output>
          </reporter-output>
        </test-method> <!-- barCode -->
      </class> <!-- com.qa.barCode.BarCodeTest -->
    </test> <!-- Default test -->
  </suite> <!-- Default suite -->
</testng-results>
